{"/Users/Alex/Documents/GitHub/AlexBelostozky-photo/src/cloudinaryConfig.ts": {"path":"/Users/Alex/Documents/GitHub/AlexBelostozky-photo/src/cloudinaryConfig.ts","all":false,"statementMap":{"0":{"start":{"line":1,"column":0},"end":{"line":1,"column":49}},"1":{"start":{"line":2,"column":0},"end":{"line":2,"column":0}},"2":{"start":{"line":3,"column":0},"end":{"line":3,"column":27}},"3":{"start":{"line":4,"column":0},"end":{"line":4,"column":26}},"4":{"start":{"line":5,"column":0},"end":{"line":5,"column":48}},"5":{"start":{"line":6,"column":0},"end":{"line":6,"column":54}},"6":{"start":{"line":7,"column":0},"end":{"line":7,"column":1}},"7":{"start":{"line":8,"column":0},"end":{"line":8,"column":0}},"8":{"start":{"line":9,"column":0},"end":{"line":9,"column":31}},"9":{"start":{"line":10,"column":0},"end":{"line":10,"column":28}},"10":{"start":{"line":11,"column":0},"end":{"line":11,"column":9}},"11":{"start":{"line":12,"column":0},"end":{"line":12,"column":40}},"12":{"start":{"line":13,"column":0},"end":{"line":13,"column":3}},"13":{"start":{"line":14,"column":0},"end":{"line":14,"column":2}},"14":{"start":{"line":15,"column":0},"end":{"line":15,"column":0}},"15":{"start":{"line":16,"column":0},"end":{"line":16,"column":32}}},"s":{"0":1,"1":1,"2":1,"3":1,"4":1,"5":1,"6":1,"7":1,"8":1,"9":1,"10":1,"11":1,"12":1,"13":1,"14":1,"15":1},"branchMap":{},"b":{},"fnMap":{},"f":{}}
,"/Users/Alex/Documents/GitHub/AlexBelostozky-photo/src/utils/index.ts": {"path":"/Users/Alex/Documents/GitHub/AlexBelostozky-photo/src/utils/index.ts","all":false,"statementMap":{"0":{"start":{"line":1,"column":0},"end":{"line":1,"column":54}},"1":{"start":{"line":2,"column":0},"end":{"line":2,"column":36}},"2":{"start":{"line":3,"column":0},"end":{"line":3,"column":72}},"3":{"start":{"line":4,"column":0},"end":{"line":4,"column":0}},"4":{"start":{"line":5,"column":0},"end":{"line":5,"column":50}},"5":{"start":{"line":6,"column":0},"end":{"line":6,"column":96}},"6":{"start":{"line":7,"column":0},"end":{"line":7,"column":1}},"7":{"start":{"line":8,"column":0},"end":{"line":8,"column":0}},"8":{"start":{"line":9,"column":0},"end":{"line":9,"column":74}},"9":{"start":{"line":10,"column":0},"end":{"line":10,"column":9}},"10":{"start":{"line":11,"column":0},"end":{"line":11,"column":19}},"11":{"start":{"line":12,"column":0},"end":{"line":12,"column":28}},"12":{"start":{"line":13,"column":0},"end":{"line":13,"column":2}},"13":{"start":{"line":14,"column":0},"end":{"line":14,"column":3}},"14":{"start":{"line":15,"column":0},"end":{"line":15,"column":0}},"15":{"start":{"line":16,"column":0},"end":{"line":16,"column":49}},"16":{"start":{"line":17,"column":0},"end":{"line":17,"column":6}},"17":{"start":{"line":18,"column":0},"end":{"line":18,"column":51}},"18":{"start":{"line":19,"column":0},"end":{"line":19,"column":53}},"19":{"start":{"line":20,"column":0},"end":{"line":20,"column":43}},"20":{"start":{"line":21,"column":0},"end":{"line":21,"column":18}},"21":{"start":{"line":22,"column":0},"end":{"line":22,"column":53}},"22":{"start":{"line":23,"column":0},"end":{"line":23,"column":14}},"23":{"start":{"line":24,"column":0},"end":{"line":24,"column":2}},"24":{"start":{"line":25,"column":0},"end":{"line":25,"column":2}},"25":{"start":{"line":26,"column":0},"end":{"line":26,"column":0}},"26":{"start":{"line":27,"column":0},"end":{"line":27,"column":47}},"27":{"start":{"line":28,"column":0},"end":{"line":28,"column":19}},"28":{"start":{"line":29,"column":0},"end":{"line":29,"column":0}},"29":{"start":{"line":30,"column":0},"end":{"line":30,"column":6}},"30":{"start":{"line":31,"column":0},"end":{"line":31,"column":51}},"31":{"start":{"line":32,"column":0},"end":{"line":32,"column":16}},"32":{"start":{"line":33,"column":0},"end":{"line":33,"column":37}},"33":{"start":{"line":34,"column":0},"end":{"line":34,"column":68}},"34":{"start":{"line":35,"column":0},"end":{"line":35,"column":91}},"35":{"start":{"line":36,"column":0},"end":{"line":36,"column":29}},"36":{"start":{"line":37,"column":0},"end":{"line":37,"column":10}},"37":{"start":{"line":38,"column":0},"end":{"line":38,"column":4}},"38":{"start":{"line":39,"column":0},"end":{"line":39,"column":21}},"39":{"start":{"line":40,"column":0},"end":{"line":40,"column":3}},"40":{"start":{"line":41,"column":0},"end":{"line":41,"column":15}},"41":{"start":{"line":42,"column":0},"end":{"line":42,"column":18}},"42":{"start":{"line":43,"column":0},"end":{"line":43,"column":51}},"43":{"start":{"line":44,"column":0},"end":{"line":44,"column":15}},"44":{"start":{"line":45,"column":0},"end":{"line":45,"column":2}},"45":{"start":{"line":46,"column":0},"end":{"line":46,"column":2}},"46":{"start":{"line":47,"column":0},"end":{"line":47,"column":0}},"47":{"start":{"line":48,"column":0},"end":{"line":48,"column":96}},"48":{"start":{"line":49,"column":0},"end":{"line":49,"column":42}},"49":{"start":{"line":50,"column":0},"end":{"line":50,"column":26}},"50":{"start":{"line":51,"column":0},"end":{"line":51,"column":16}},"51":{"start":{"line":52,"column":0},"end":{"line":52,"column":85}},"52":{"start":{"line":53,"column":0},"end":{"line":53,"column":23}},"53":{"start":{"line":54,"column":0},"end":{"line":54,"column":4}},"54":{"start":{"line":55,"column":0},"end":{"line":55,"column":2}},"55":{"start":{"line":56,"column":0},"end":{"line":56,"column":0}},"56":{"start":{"line":57,"column":0},"end":{"line":57,"column":66}},"57":{"start":{"line":58,"column":0},"end":{"line":58,"column":22}},"58":{"start":{"line":59,"column":0},"end":{"line":59,"column":16}},"59":{"start":{"line":60,"column":0},"end":{"line":60,"column":31}},"60":{"start":{"line":61,"column":0},"end":{"line":61,"column":23}},"61":{"start":{"line":62,"column":0},"end":{"line":62,"column":0}},"62":{"start":{"line":63,"column":0},"end":{"line":63,"column":46}},"63":{"start":{"line":64,"column":0},"end":{"line":64,"column":37}},"64":{"start":{"line":65,"column":0},"end":{"line":65,"column":37}},"65":{"start":{"line":66,"column":0},"end":{"line":66,"column":0}},"66":{"start":{"line":67,"column":0},"end":{"line":67,"column":39}},"67":{"start":{"line":68,"column":0},"end":{"line":68,"column":35}},"68":{"start":{"line":69,"column":0},"end":{"line":69,"column":3}},"69":{"start":{"line":70,"column":0},"end":{"line":70,"column":0}},"70":{"start":{"line":71,"column":0},"end":{"line":71,"column":30}},"71":{"start":{"line":72,"column":0},"end":{"line":72,"column":31}},"72":{"start":{"line":73,"column":0},"end":{"line":73,"column":25}},"73":{"start":{"line":74,"column":0},"end":{"line":74,"column":31}},"74":{"start":{"line":75,"column":0},"end":{"line":75,"column":2}}},"s":{"0":1,"1":1,"2":1,"3":1,"4":1,"5":0,"6":0,"7":1,"8":1,"9":1,"10":1,"11":1,"12":1,"13":1,"14":1,"15":1,"16":0,"17":0,"18":0,"19":0,"20":0,"21":0,"22":0,"23":0,"24":0,"25":1,"26":1,"27":0,"28":0,"29":0,"30":0,"31":0,"32":0,"33":0,"34":0,"35":0,"36":0,"37":0,"38":0,"39":0,"40":0,"41":0,"42":0,"43":0,"44":0,"45":0,"46":1,"47":1,"48":0,"49":0,"50":0,"51":0,"52":0,"53":0,"54":0,"55":1,"56":1,"57":4,"58":4,"59":4,"60":4,"61":3,"62":3,"63":12,"64":12,"65":12,"66":12,"67":4,"68":4,"69":8,"70":12,"71":12,"72":5,"73":3,"74":3},"branchMap":{"0":{"type":"branch","line":57,"loc":{"start":{"line":57,"column":34},"end":{"line":75,"column":2}},"locations":[{"start":{"line":57,"column":34},"end":{"line":75,"column":2}}]},"1":{"type":"branch","line":61,"loc":{"start":{"line":61,"column":13},"end":{"line":61,"column":23}},"locations":[{"start":{"line":61,"column":13},"end":{"line":61,"column":23}}]},"2":{"type":"branch","line":62,"loc":{"start":{"line":62,"column":-1},"end":{"line":75,"column":2}},"locations":[{"start":{"line":62,"column":-1},"end":{"line":75,"column":2}}]},"3":{"type":"branch","line":63,"loc":{"start":{"line":63,"column":35},"end":{"line":74,"column":2}},"locations":[{"start":{"line":63,"column":35},"end":{"line":74,"column":2}}]},"4":{"type":"branch","line":67,"loc":{"start":{"line":67,"column":19},"end":{"line":67,"column":36}},"locations":[{"start":{"line":67,"column":19},"end":{"line":67,"column":36}}]},"5":{"type":"branch","line":67,"loc":{"start":{"line":67,"column":38},"end":{"line":69,"column":3}},"locations":[{"start":{"line":67,"column":38},"end":{"line":69,"column":3}}]},"6":{"type":"branch","line":70,"loc":{"start":{"line":70,"column":-1},"end":{"line":71,"column":28}},"locations":[{"start":{"line":70,"column":-1},"end":{"line":71,"column":28}}]},"7":{"type":"branch","line":71,"loc":{"start":{"line":71,"column":21},"end":{"line":71,"column":30}},"locations":[{"start":{"line":71,"column":21},"end":{"line":71,"column":30}}]},"8":{"type":"branch","line":72,"loc":{"start":{"line":72,"column":-1},"end":{"line":72,"column":28}},"locations":[{"start":{"line":72,"column":-1},"end":{"line":72,"column":28}}]},"9":{"type":"branch","line":72,"loc":{"start":{"line":72,"column":21},"end":{"line":72,"column":31}},"locations":[{"start":{"line":72,"column":21},"end":{"line":72,"column":31}}]},"10":{"type":"branch","line":73,"loc":{"start":{"line":73,"column":-1},"end":{"line":74,"column":2}},"locations":[{"start":{"line":73,"column":-1},"end":{"line":74,"column":2}}]}},"b":{"0":[4],"1":[1],"2":[3],"3":[12],"4":[5],"5":[4],"6":[8],"7":[1],"8":[7],"9":[2],"10":[5]},"fnMap":{"0":{"name":"getImageUrl","decl":{"start":{"line":5,"column":27},"end":{"line":7,"column":1}},"loc":{"start":{"line":5,"column":27},"end":{"line":7,"column":1}},"line":5},"1":{"name":"renderMarkdown","decl":{"start":{"line":16,"column":30},"end":{"line":25,"column":2}},"loc":{"start":{"line":16,"column":30},"end":{"line":25,"column":2}},"line":16},"2":{"name":"prettifyText","decl":{"start":{"line":27,"column":28},"end":{"line":46,"column":2}},"loc":{"start":{"line":27,"column":28},"end":{"line":46,"column":2}},"line":27},"3":{"name":"getImageDimensions","decl":{"start":{"line":48,"column":34},"end":{"line":55,"column":2}},"loc":{"start":{"line":48,"column":34},"end":{"line":55,"column":2}},"line":48},"4":{"name":"applySpecificOrder","decl":{"start":{"line":57,"column":34},"end":{"line":75,"column":2}},"loc":{"start":{"line":57,"column":34},"end":{"line":75,"column":2}},"line":57}},"f":{"0":0,"1":0,"2":0,"3":0,"4":4}}
}
