TN:
SF:src/cloudinaryConfig.ts
FNF:0
FNH:0
DA:1,1
DA:2,1
DA:3,1
DA:4,1
DA:5,1
DA:6,1
DA:7,1
DA:8,1
DA:9,1
DA:10,1
DA:11,1
DA:12,1
DA:13,1
DA:14,1
DA:15,1
DA:16,1
LF:16
LH:16
BRF:0
BRH:0
end_of_record
TN:
SF:src/utils/index.ts
FN:5,getImageUrl
FN:26,renderMarkdown
FN:37,prettifyText
FN:58,getImageDimensions
FN:67,applySpecificOrder
FNF:5
FNH:3
FNDA:3,getImageUrl
FNDA:0,renderMarkdown
FNDA:3,prettifyText
FNDA:0,getImageDimensions
FNDA:4,applySpecificOrder
DA:1,1
DA:2,1
DA:3,1
DA:4,1
DA:5,1
DA:6,3
DA:7,2
DA:8,2
DA:9,2
DA:10,1
DA:11,3
DA:12,0
DA:13,0
DA:14,0
DA:15,1
DA:16,1
DA:17,1
DA:18,1
DA:19,1
DA:20,1
DA:21,1
DA:22,1
DA:23,1
DA:24,1
DA:25,1
DA:26,1
DA:27,0
DA:28,0
DA:29,0
DA:30,0
DA:31,0
DA:32,0
DA:33,0
DA:34,0
DA:35,0
DA:36,1
DA:37,1
DA:38,3
DA:39,3
DA:40,3
DA:41,3
DA:42,3
DA:43,7
DA:44,7
DA:45,7
DA:46,7
DA:47,3
DA:48,3
DA:49,4
DA:50,4
DA:51,3
DA:52,3
DA:53,0
DA:54,0
DA:55,0
DA:56,3
DA:57,1
DA:58,1
DA:59,0
DA:60,0
DA:61,0
DA:62,0
DA:63,0
DA:64,0
DA:65,0
DA:66,1
DA:67,1
DA:68,4
DA:69,4
DA:70,4
DA:71,4
DA:72,3
DA:73,3
DA:74,12
DA:75,12
DA:76,12
DA:77,12
DA:78,4
DA:79,4
DA:80,8
DA:81,12
DA:82,12
DA:83,5
DA:84,3
DA:85,3
LF:85
LH:63
BRDA:5,0,0,3
BRDA:6,1,0,2
BRDA:6,2,0,2
BRDA:10,3,0,1
BRDA:11,4,0,0
BRDA:15,5,0,1
BRDA:37,6,0,3
BRDA:42,7,0,7
BRDA:46,8,0,3
BRDA:49,9,0,4
BRDA:52,10,0,0
BRDA:67,11,0,4
BRDA:71,12,0,1
BRDA:72,13,0,3
BRDA:73,14,0,12
BRDA:77,15,0,5
BRDA:77,16,0,4
BRDA:80,17,0,8
BRDA:81,18,0,1
BRDA:82,19,0,7
BRDA:82,20,0,2
BRDA:83,21,0,5
BRF:22
BRH:20
end_of_record
